<?xml version="1.0" encoding="UTF-8"?>
<testng-results ignored="0" total="4" passed="4" failed="0" skipped="0">
  <reporter-output>
  </reporter-output>
  <suite started-at="2021-08-09T18:54:12 IST" name="Default suite" finished-at="2021-08-09T18:54:12 IST" duration-ms="142">
    <groups>
    </groups>
    <test started-at="2021-08-09T18:54:12 IST" name="Default test" finished-at="2021-08-09T18:54:12 IST" duration-ms="142">
      <class name="TestPackage.TestNGBasics">
        <test-method is-config="true" signature="setup()[pri:0, instance:TestPackage.TestNGBasics@5ae50ce6]" started-at="2021-08-09T18:54:12 IST" name="setup" finished-at="2021-08-09T18:54:12 IST" duration-ms="18" status="PASS">
          <reporter-output>
          </reporter-output>
        </test-method> <!-- setup -->
        <test-method is-config="true" signature="login()[pri:0, instance:TestPackage.TestNGBasics@5ae50ce6]" started-at="2021-08-09T18:54:12 IST" name="login" finished-at="2021-08-09T18:54:12 IST" duration-ms="1" status="PASS">
          <reporter-output>
          </reporter-output>
        </test-method> <!-- login -->
        <test-method is-config="true" signature="launchBrowser()[pri:0, instance:TestPackage.TestNGBasics@5ae50ce6]" started-at="2021-08-09T18:54:12 IST" name="launchBrowser" finished-at="2021-08-09T18:54:12 IST" duration-ms="1" status="PASS">
          <reporter-output>
          </reporter-output>
        </test-method> <!-- launchBrowser -->
        <test-method is-config="true" signature="enterURL()[pri:0, instance:TestPackage.TestNGBasics@5ae50ce6]" started-at="2021-08-09T18:54:12 IST" name="enterURL" finished-at="2021-08-09T18:54:12 IST" duration-ms="4" status="PASS">
          <reporter-output>
          </reporter-output>
        </test-method> <!-- enterURL -->
        <test-method signature="documetfile()[pri:0, instance:TestPackage.TestNGBasics@5ae50ce6]" started-at="2021-08-09T18:54:12 IST" name="documetfile" finished-at="2021-08-09T18:54:12 IST" duration-ms="16" status="PASS">
          <reporter-output>
          </reporter-output>
        </test-method> <!-- documetfile -->
        <test-method is-config="true" signature="logOut()[pri:0, instance:TestPackage.TestNGBasics@5ae50ce6]" started-at="2021-08-09T18:54:12 IST" name="logOut" finished-at="2021-08-09T18:54:12 IST" duration-ms="1" status="PASS">
          <reporter-output>
          </reporter-output>
        </test-method> <!-- logOut -->
        <test-method is-config="true" signature="enterURL()[pri:0, instance:TestPackage.TestNGBasics@5ae50ce6]" started-at="2021-08-09T18:54:12 IST" name="enterURL" finished-at="2021-08-09T18:54:12 IST" duration-ms="1" status="PASS">
          <reporter-output>
          </reporter-output>
        </test-method> <!-- enterURL -->
        <test-method signature="googleTitleTest()[pri:0, instance:TestPackage.TestNGBasics@5ae50ce6]" started-at="2021-08-09T18:54:12 IST" name="googleTitleTest" finished-at="2021-08-09T18:54:12 IST" duration-ms="4" status="PASS">
          <reporter-output>
          </reporter-output>
        </test-method> <!-- googleTitleTest -->
        <test-method is-config="true" signature="logOut()[pri:0, instance:TestPackage.TestNGBasics@5ae50ce6]" started-at="2021-08-09T18:54:12 IST" name="logOut" finished-at="2021-08-09T18:54:12 IST" duration-ms="1" status="PASS">
          <reporter-output>
          </reporter-output>
        </test-method> <!-- logOut -->
        <test-method is-config="true" signature="enterURL()[pri:0, instance:TestPackage.TestNGBasics@5ae50ce6]" started-at="2021-08-09T18:54:12 IST" name="enterURL" finished-at="2021-08-09T18:54:12 IST" duration-ms="3" status="PASS">
          <reporter-output>
          </reporter-output>
        </test-method> <!-- enterURL -->
        <test-method signature="googleimage()[pri:0, instance:TestPackage.TestNGBasics@5ae50ce6]" started-at="2021-08-09T18:54:12 IST" name="googleimage" finished-at="2021-08-09T18:54:12 IST" duration-ms="4" status="PASS">
          <reporter-output>
          </reporter-output>
        </test-method> <!-- googleimage -->
        <test-method is-config="true" signature="logOut()[pri:0, instance:TestPackage.TestNGBasics@5ae50ce6]" started-at="2021-08-09T18:54:12 IST" name="logOut" finished-at="2021-08-09T18:54:12 IST" duration-ms="1" status="PASS">
          <reporter-output>
          </reporter-output>
        </test-method> <!-- logOut -->
        <test-method is-config="true" signature="enterURL()[pri:0, instance:TestPackage.TestNGBasics@5ae50ce6]" started-at="2021-08-09T18:54:12 IST" name="enterURL" finished-at="2021-08-09T18:54:12 IST" duration-ms="1" status="PASS">
          <reporter-output>
          </reporter-output>
        </test-method> <!-- enterURL -->
        <test-method signature="searchTest()[pri:0, instance:TestPackage.TestNGBasics@5ae50ce6]" started-at="2021-08-09T18:54:12 IST" name="searchTest" finished-at="2021-08-09T18:54:12 IST" duration-ms="4" status="PASS">
          <reporter-output>
          </reporter-output>
        </test-method> <!-- searchTest -->
        <test-method is-config="true" signature="logOut()[pri:0, instance:TestPackage.TestNGBasics@5ae50ce6]" started-at="2021-08-09T18:54:12 IST" name="logOut" finished-at="2021-08-09T18:54:12 IST" duration-ms="2" status="PASS">
          <reporter-output>
          </reporter-output>
        </test-method> <!-- logOut -->
        <test-method is-config="true" signature="closeBrowser()[pri:0, instance:TestPackage.TestNGBasics@5ae50ce6]" started-at="2021-08-09T18:54:12 IST" name="closeBrowser" finished-at="2021-08-09T18:54:12 IST" duration-ms="1" status="PASS">
          <reporter-output>
          </reporter-output>
        </test-method> <!-- closeBrowser -->
        <test-method is-config="true" signature="deleteAllCookies()[pri:0, instance:TestPackage.TestNGBasics@5ae50ce6]" started-at="2021-08-09T18:54:12 IST" name="deleteAllCookies" finished-at="2021-08-09T18:54:12 IST" duration-ms="1" status="PASS">
          <reporter-output>
          </reporter-output>
        </test-method> <!-- deleteAllCookies -->
        <test-method is-config="true" signature="genateTestReport()[pri:0, instance:TestPackage.TestNGBasics@5ae50ce6]" started-at="2021-08-09T18:54:12 IST" name="genateTestReport" finished-at="2021-08-09T18:54:12 IST" duration-ms="1" status="PASS">
          <reporter-output>
          </reporter-output>
        </test-method> <!-- genateTestReport -->
      </class> <!-- TestPackage.TestNGBasics -->
    </test> <!-- Default test -->
  </suite> <!-- Default suite -->
</testng-results>
