<?xml version="1.0" encoding="UTF-8"?>
<!-- Generated by org.testng.reporters.JUnitXMLReporter -->
<testsuite ignored="0" hostname="DESKTOP-QU4N233" failures="0" tests="4" name="Default test" time="0.142" errors="0" timestamp="2021-08-09T18:54:12 IST">
  <testcase classname="TestPackage.TestNGBasics" name="documetfile" time="0.016"/>
  <testcase classname="TestPackage.TestNGBasics" name="googleTitleTest" time="0.004"/>
  <testcase classname="TestPackage.TestNGBasics" name="googleimage" time="0.004"/>
  <testcase classname="TestPackage.TestNGBasics" name="searchTest" time="0.004"/>
</testsuite> <!-- Default test -->
